<?xml version="1.0" encoding="UTF-8"?>
<!-- Generated by org.testng.reporters.JUnitXMLReporter -->
<testsuite ignored="0" hostname="PIYAL-PC" failures="0" tests="3" name="Default test" time="0.054" errors="0" timestamp="21 Sep 2021 11:24:38 GMT">
  <testcase classname="com.concast.Contact.Contact" name="createContactTest" time="0.013"/>
  <testcase classname="com.concast.Contact.Contact" name="createContactWithOrgTest" time="0.003"/>
  <testcase classname="com.concast.Contact.Contact" name="deleteContactTest" time="0.002"/>
</testsuite> <!-- Default test -->
